TN:
SF:script/DeployFundMe.s.sol
DA:11,15
FN:11,DeployFundToMe.run
FNDA:15,DeployFundToMe.run
DA:12,15
DA:13,15
DA:15,15
DA:18,15
DA:19,15
DA:20,15
FNF:1
FNH:1
LF:7
LH:7
BRF:0
BRH:0
end_of_record
TN:
SF:script/HelperConfig.s.sol
DA:16,30
FN:16,HelperConfig.constructor
FNDA:30,HelperConfig.constructor
DA:17,30
BRDA:17,0,0,-
BRDA:17,0,1,30
DA:18,0
DA:19,30
BRDA:19,1,0,-
BRDA:19,1,1,30
DA:20,0
DA:22,30
DA:26,0
FN:26,HelperConfig.getSepoliaConfig
FNDA:0,HelperConfig.getSepoliaConfig
DA:27,0
DA:30,0
DA:33,0
FN:33,HelperConfig.getMainnetConfig
FNDA:0,HelperConfig.getMainnetConfig
DA:34,0
DA:37,0
DA:40,30
FN:40,HelperConfig.getOrCreateAnvilConfig
FNDA:30,HelperConfig.getOrCreateAnvilConfig
DA:42,30
BRDA:42,2,0,-
DA:43,0
DA:46,30
DA:47,30
DA:48,30
DA:50,30
DA:53,30
FNF:4
FNH:2
LF:20
LH:11
BRF:5
BRH:2
end_of_record
TN:
SF:src/FundToMe.sol
DA:35,15
FN:35,FundToMe.constructor
FNDA:15,FundToMe.constructor
DA:36,15
DA:39,15
FN:39,FundToMe.fund
FNDA:15,FundToMe.fund
DA:40,15
BRDA:40,0,0,1
BRDA:40,0,1,14
DA:45,14
DA:46,14
DA:47,14
DA:49,14
DA:53,14
DA:56,2
FN:56,FundToMe.getTimeRemainingForWithdrawal
FNDA:2,FundToMe.getTimeRemainingForWithdrawal
DA:59,7
DA:62,7
BRDA:62,1,0,1
BRDA:62,1,1,6
DA:67,6
DA:69,6
DA:71,6
BRDA:71,2,0,2
BRDA:71,2,1,4
DA:72,2
DA:74,4
DA:78,6
FN:78,FundToMe.withdraw
FNDA:6,FundToMe.withdraw
DA:79,6
DA:80,6
BRDA:80,3,0,1
BRDA:80,3,1,5
DA:81,5
DA:82,5
BRDA:82,4,0,-
BRDA:82,4,1,5
DA:86,5
DA:88,5
DA:89,5
BRDA:89,5,0,1
BRDA:89,5,1,4
DA:93,4
DA:96,4
DA:99,4
DA:101,4
DA:102,4
BRDA:102,6,0,1
DA:103,3
DA:104,3
DA:112,1
FN:112,FundToMe.getAddressToAmountFunded
FNDA:1,FundToMe.getAddressToAmountFunded
DA:115,1
DA:118,1
FN:118,FundToMe.getVersion
FNDA:1,FundToMe.getVersion
DA:119,1
DA:122,1
FN:122,FundToMe.getFunderContributionsTimestamps
FNDA:1,FundToMe.getFunderContributionsTimestamps
DA:125,1
DA:128,1
FN:128,FundToMe.getFundingsByUser
FNDA:1,FundToMe.getFundingsByUser
DA:131,1
DA:134,1
FN:134,FundToMe.getFunderContributionsLength
FNDA:1,FundToMe.getFunderContributionsLength
DA:137,1
DA:140,0
FN:140,FundToMe.getPriceFeed
FNDA:0,FundToMe.getPriceFeed
DA:141,0
DA:144,0
FN:144,FundToMe.receive
FNDA:0,FundToMe.receive
DA:145,0
DA:148,0
FN:148,FundToMe.fallback
FNDA:0,FundToMe.fallback
DA:149,0
FNF:12
FNH:9
LF:48
LH:42
BRF:13
BRH:12
end_of_record
TN:
SF:src/Helpers/PriceConverter.sol
DA:10,15
FN:10,PriceConverter.getPrice
FNDA:15,PriceConverter.getPrice
DA:15,15
DA:17,15
DA:21,15
FN:21,PriceConverter.getConversionRate
FNDA:15,PriceConverter.getConversionRate
DA:25,15
DA:26,15
DA:28,15
FNF:2
FNH:2
LF:7
LH:7
BRF:0
BRH:0
end_of_record
TN:
SF:test/Mocks/MockV3Aggregator.sol
DA:18,30
FN:18,MockV3Aggregator.constructor
FNDA:30,MockV3Aggregator.constructor
DA:19,30
DA:22,30
FN:22,MockV3Aggregator.updateAnswer
FNDA:30,MockV3Aggregator.updateAnswer
DA:23,30
DA:24,30
DA:25,30
DA:26,30
DA:27,30
DA:28,30
DA:31,0
FN:31,MockV3Aggregator.updateRoundData
FNDA:0,MockV3Aggregator.updateRoundData
DA:37,0
DA:38,0
DA:39,0
DA:40,0
DA:41,0
DA:42,0
DA:45,0
FN:45,MockV3Aggregator.getRoundData
FNDA:0,MockV3Aggregator.getRoundData
DA:58,0
DA:67,15
FN:67,MockV3Aggregator.latestRoundData
FNDA:15,MockV3Aggregator.latestRoundData
DA:78,15
DA:87,0
FN:87,MockV3Aggregator.description
FNDA:0,MockV3Aggregator.description
DA:88,0
FNF:6
FNH:3
LF:22
LH:11
BRF:0
BRH:0
end_of_record
TN:
SF:test/TestFundMe.t.sol
DA:13,0
FN:13,RevertingReceiver.receive
FNDA:0,RevertingReceiver.receive
DA:14,0
FNF:1
FNH:0
LF:2
LH:0
BRF:0
BRH:0
end_of_record
