TN:
SF:script/DeployFundMe.s.sol
DA:11,21
FN:11,DeployFundMe.run
FNDA:21,DeployFundMe.run
DA:12,21
DA:13,21
DA:15,21
DA:18,21
DA:19,21
DA:20,21
DA:21,21
FNF:1
FNH:1
LF:8
LH:8
BRF:0
BRH:0
end_of_record
TN:
SF:script/HelperConfig.s.sol
DA:16,42
FN:16,HelperConfig.constructor
FNDA:42,HelperConfig.constructor
DA:17,42
BRDA:17,0,0,-
BRDA:17,0,1,42
DA:18,0
DA:19,42
BRDA:19,1,0,-
BRDA:19,1,1,42
DA:20,0
DA:21,42
BRDA:21,2,0,-
BRDA:21,2,1,42
DA:22,0
DA:24,42
DA:28,0
FN:28,HelperConfig.getOptimismConfig
FNDA:0,HelperConfig.getOptimismConfig
DA:29,0
DA:32,0
DA:35,0
FN:35,HelperConfig.getSepoliaConfig
FNDA:0,HelperConfig.getSepoliaConfig
DA:36,0
DA:39,0
DA:42,0
FN:42,HelperConfig.getMainnetConfig
FNDA:0,HelperConfig.getMainnetConfig
DA:43,0
DA:46,0
DA:49,42
FN:49,HelperConfig.getOrCreateAnvilConfig
FNDA:42,HelperConfig.getOrCreateAnvilConfig
DA:51,42
BRDA:51,3,0,-
DA:52,0
DA:55,42
DA:56,42
DA:57,42
DA:59,42
DA:62,42
FNF:5
FNH:2
LF:25
LH:12
BRF:7
BRH:3
end_of_record
TN:
SF:src/FundMe.sol
DA:87,21
FN:87,FundMe.constructor
FNDA:21,FundMe.constructor
DA:88,21
DA:92,2
FN:92,FundMe.receive
FNDA:2,FundMe.receive
DA:93,2
DA:97,2
FN:97,FundMe.fallback
FNDA:2,FundMe.fallback
DA:98,2
DA:109,16
FN:109,FundMe.fund
FNDA:16,FundMe.fund
DA:110,20
BRDA:110,0,0,3
DA:111,3
DA:114,17
DA:115,17
DA:116,17
DA:118,17
DA:122,17
DA:131,7
FN:131,FundMe.withdraw
FNDA:7,FundMe.withdraw
DA:132,7
DA:133,7
BRDA:133,1,0,1
DA:134,1
DA:137,6
DA:138,6
BRDA:138,2,0,1
DA:139,1
DA:143,5
DA:149,5
DA:150,5
BRDA:150,3,0,1
DA:151,4
DA:159,2
FN:159,FundMe.getTimeRemainingForWithdrawal
FNDA:2,FundMe.getTimeRemainingForWithdrawal
DA:162,8
DA:165,8
BRDA:165,4,0,1
DA:166,1
DA:170,7
DA:172,7
DA:174,7
BRDA:174,5,0,2
BRDA:174,5,1,5
DA:175,2
DA:177,5
DA:190,3
FN:190,FundMe.getAddressToAmountFunded
FNDA:3,FundMe.getAddressToAmountFunded
DA:193,3
DA:198,1
FN:198,FundMe.getVersion
FNDA:1,FundMe.getVersion
DA:199,1
DA:205,1
FN:205,FundMe.getFunderContributionsTimestamps
FNDA:1,FundMe.getFunderContributionsTimestamps
DA:208,1
DA:214,3
FN:214,FundMe.getFundingsByUser
FNDA:3,FundMe.getFundingsByUser
DA:217,3
DA:223,1
FN:223,FundMe.getFunderContributionsLength
FNDA:1,FundMe.getFunderContributionsLength
DA:226,1
DA:231,0
FN:231,FundMe.getPriceFeed
FNDA:0,FundMe.getPriceFeed
DA:232,0
FNF:12
FNH:11
LF:46
LH:44
BRF:7
BRH:7
end_of_record
TN:
SF:src/Helpers/PriceConverter.sol
DA:10,20
FN:10,PriceConverter.getPrice
FNDA:20,PriceConverter.getPrice
DA:15,20
DA:17,20
DA:21,20
FN:21,PriceConverter.getConversionRate
FNDA:20,PriceConverter.getConversionRate
DA:25,20
DA:26,20
DA:28,20
FNF:2
FNH:2
LF:7
LH:7
BRF:0
BRH:0
end_of_record
TN:
SF:test/Mocks/MockV3Aggregator.sol
DA:18,42
FN:18,MockV3Aggregator.constructor
FNDA:42,MockV3Aggregator.constructor
DA:19,42
DA:22,42
FN:22,MockV3Aggregator.updateAnswer
FNDA:42,MockV3Aggregator.updateAnswer
DA:23,42
DA:24,42
DA:25,42
DA:26,42
DA:27,42
DA:28,42
DA:31,0
FN:31,MockV3Aggregator.updateRoundData
FNDA:0,MockV3Aggregator.updateRoundData
DA:37,0
DA:38,0
DA:39,0
DA:40,0
DA:41,0
DA:42,0
DA:45,0
FN:45,MockV3Aggregator.getRoundData
FNDA:0,MockV3Aggregator.getRoundData
DA:58,0
DA:67,20
FN:67,MockV3Aggregator.latestRoundData
FNDA:20,MockV3Aggregator.latestRoundData
DA:78,20
DA:87,0
FN:87,MockV3Aggregator.description
FNDA:0,MockV3Aggregator.description
DA:88,0
FNF:6
FNH:3
LF:22
LH:11
BRF:0
BRH:0
end_of_record
TN:
SF:test/TestFundMe.t.sol
DA:13,0
FN:13,RevertingReceiver.receive
FNDA:0,RevertingReceiver.receive
DA:14,0
FNF:1
FNH:0
LF:2
LH:0
BRF:0
BRH:0
end_of_record
