TN:
SF:script/DeployFundMe.s.sol
DA:11,20
FN:11,DeployFundToMe.run
FNDA:20,DeployFundToMe.run
DA:12,20
DA:13,20
DA:15,20
DA:18,20
DA:19,20
DA:20,20
FNF:1
FNH:1
LF:7
LH:7
BRF:0
BRH:0
end_of_record
TN:
SF:script/HelperConfig.s.sol
DA:16,40
FN:16,HelperConfig.constructor
FNDA:40,HelperConfig.constructor
DA:17,40
BRDA:17,0,0,40
BRDA:17,0,1,-
DA:18,40
DA:19,0
BRDA:19,1,0,-
BRDA:19,1,1,-
DA:20,0
DA:22,0
DA:26,40
FN:26,HelperConfig.getSepoliaConfig
FNDA:40,HelperConfig.getSepoliaConfig
DA:27,40
DA:30,40
DA:33,0
FN:33,HelperConfig.getMainnetConfig
FNDA:0,HelperConfig.getMainnetConfig
DA:34,0
DA:37,0
DA:40,0
FN:40,HelperConfig.getOrCreateAnvilConfig
FNDA:0,HelperConfig.getOrCreateAnvilConfig
DA:42,0
BRDA:42,2,0,-
DA:43,0
DA:46,0
DA:47,0
DA:48,0
DA:50,0
DA:53,0
FNF:4
FNH:2
LF:20
LH:6
BRF:5
BRH:1
end_of_record
TN:
SF:src/FundToMe.sol
DA:34,20
FN:34,FundToMe.constructor
FNDA:20,FundToMe.constructor
DA:35,20
DA:38,15
FN:38,FundToMe.fund
FNDA:15,FundToMe.fund
DA:39,19
BRDA:39,0,0,3
BRDA:39,0,1,16
DA:44,16
DA:45,16
DA:46,16
DA:48,16
DA:52,16
DA:55,2
FN:55,FundToMe.getTimeRemainingForWithdrawal
FNDA:2,FundToMe.getTimeRemainingForWithdrawal
DA:58,7
DA:61,7
BRDA:61,1,0,1
BRDA:61,1,1,6
DA:66,6
DA:68,6
DA:70,6
BRDA:70,2,0,2
BRDA:70,2,1,4
DA:71,2
DA:73,4
DA:77,6
FN:77,FundToMe.withdraw
FNDA:6,FundToMe.withdraw
DA:78,6
DA:79,6
BRDA:79,3,0,1
BRDA:79,3,1,5
DA:81,5
DA:82,5
BRDA:82,4,0,1
BRDA:82,4,1,4
DA:88,4
DA:91,4
DA:93,4
DA:94,4
BRDA:94,5,0,1
DA:95,3
DA:103,3
FN:103,FundToMe.getAddressToAmountFunded
FNDA:3,FundToMe.getAddressToAmountFunded
DA:106,3
DA:109,1
FN:109,FundToMe.getVersion
FNDA:1,FundToMe.getVersion
DA:110,1
DA:113,1
FN:113,FundToMe.getFunderContributionsTimestamps
FNDA:1,FundToMe.getFunderContributionsTimestamps
DA:116,1
DA:119,1
FN:119,FundToMe.getFundingsByUser
FNDA:1,FundToMe.getFundingsByUser
DA:122,1
DA:125,1
FN:125,FundToMe.getFunderContributionsLength
FNDA:1,FundToMe.getFunderContributionsLength
DA:128,1
DA:131,1
FN:131,FundToMe.getPriceFeed
FNDA:1,FundToMe.getPriceFeed
DA:132,1
DA:135,2
FN:135,FundToMe.receive
FNDA:2,FundToMe.receive
DA:136,2
DA:139,2
FN:139,FundToMe.fallback
FNDA:2,FundToMe.fallback
DA:140,2
FNF:12
FNH:12
LF:43
LH:43
BRF:11
BRH:11
end_of_record
TN:
SF:src/Helpers/PriceConverter.sol
DA:10,19
FN:10,PriceConverter.getPrice
FNDA:19,PriceConverter.getPrice
DA:15,19
DA:17,19
DA:21,19
FN:21,PriceConverter.getConversionRate
FNDA:19,PriceConverter.getConversionRate
DA:25,19
DA:26,19
DA:28,19
FNF:2
FNH:2
LF:7
LH:7
BRF:0
BRH:0
end_of_record
TN:
SF:test/Mocks/MockV3Aggregator.sol
DA:18,0
FN:18,MockV3Aggregator.constructor
FNDA:0,MockV3Aggregator.constructor
DA:19,0
DA:22,0
FN:22,MockV3Aggregator.updateAnswer
FNDA:0,MockV3Aggregator.updateAnswer
DA:23,0
DA:24,0
DA:25,0
DA:26,0
DA:27,0
DA:28,0
DA:31,0
FN:31,MockV3Aggregator.updateRoundData
FNDA:0,MockV3Aggregator.updateRoundData
DA:37,0
DA:38,0
DA:39,0
DA:40,0
DA:41,0
DA:42,0
DA:45,0
FN:45,MockV3Aggregator.getRoundData
FNDA:0,MockV3Aggregator.getRoundData
DA:58,0
DA:67,0
FN:67,MockV3Aggregator.latestRoundData
FNDA:0,MockV3Aggregator.latestRoundData
DA:78,0
DA:87,0
FN:87,MockV3Aggregator.description
FNDA:0,MockV3Aggregator.description
DA:88,0
FNF:6
FNH:0
LF:22
LH:0
BRF:0
BRH:0
end_of_record
TN:
SF:test/TestFundMe.t.sol
DA:13,0
FN:13,RevertingReceiver.receive
FNDA:0,RevertingReceiver.receive
DA:14,0
FNF:1
FNH:0
LF:2
LH:0
BRF:0
BRH:0
end_of_record
